# JRE version: OpenJDK Runtime Environment Temurin-21.0.8+9 (21.0.8+9) (build 21.0.8+9-LTS)
# Java VM: OpenJDK 64-Bit Server VM Temurin-21.0.8+9 (21.0.8+9-LTS, mixed mode, sharing, tiered, compressed oops, compressed class ptrs, parallel gc, windows-amd64)
GC Precious Log:
 CardTable entry size: 512
 CPUs: 12 total, 12 available
 Memory: 16095M
 Large Page Support: Disabled
 NUMA Support: Disabled
 Compressed Oops: Enabled (32-bit)
 Alignments: Space 512K, Generation 512K, Heap 2M
 Heap Min Capacity: 100M
 Heap Initial Capacity: 100M
 Heap Max Capacity: 2G
 Pre-touch: Disabled
 Parallel Workers: 10
Heap:
 PSYoungGen      total 23552K, used 8473K [0x00000000d5580000, 0x00000000d7300000, 0x0000000100000000)
  eden space 22016K, 31% used [0x00000000d5580000,0x00000000d5c464a0,0x00000000d6b00000)
  from space 1536K, 100% used [0x00000000d7180000,0x00000000d7300000,0x00000000d7300000)
  to   space 3072K, 0% used [0x00000000d6d00000,0x00000000d6d00000,0x00000000d7000000)
 ParOldGen       total 68608K, used 21387K [0x0000000080000000, 0x0000000084300000, 0x00000000d5580000)
  object space 68608K, 31% used [0x0000000080000000,0x00000000814e2c30,0x0000000084300000)
 Metaspace       used 41705K, committed 42752K, reserved 1114112K
  class space    used 4498K, committed 4928K, reserved 1048576K
GC Heap History (20 events):
Event: 57.181 GC heap before
{Heap before GC invocations=9 (full 1):
 PSYoungGen      total 29184K, used 24576K [0x00000000d5580000, 0x00000000d7680000, 0x0000000100000000)
  eden space 24576K, 100% used [0x00000000d5580000,0x00000000d6d80000,0x00000000d6d80000)
  from space 4608K, 0% used [0x00000000d6e80000,0x00000000d6e80000,0x00000000d7300000)
  to   space 3584K, 0% used [0x00000000d7300000,0x00000000d7300000,0x00000000d7680000)
 ParOldGen       total 68608K, used 13324K [0x0000000080000000, 0x0000000084300000, 0x00000000d5580000)
  object space 68608K, 19% used [0x0000000080000000,0x0000000080d03078,0x0000000084300000)
 Metaspace       used 22847K, committed 23744K, reserved 1114112K
  class space    used 2349K, committed 2752K, reserved 1048576K
}
Event: 57.183 GC heap after
{Heap after GC invocations=9 (full 1):
 PSYoungGen      total 25088K, used 516K [0x00000000d5580000, 0x00000000d7400000, 0x0000000100000000)
  eden space 24064K, 0% used [0x00000000d5580000,0x00000000d5580000,0x00000000d6d00000)
  from space 1024K, 50% used [0x00000000d7300000,0x00000000d73810d0,0x00000000d7400000)
  to   space 2048K, 0% used [0x00000000d7000000,0x00000000d7000000,0x00000000d7200000)
 ParOldGen       total 68608K, used 13332K [0x0000000080000000, 0x0000000084300000, 0x00000000d5580000)
  object space 68608K, 19% used [0x0000000080000000,0x0000000080d05078,0x0000000084300000)
 Metaspace       used 22847K, committed 23744K, reserved 1114112K
  class space    used 2349K, committed 2752K, reserved 1048576K
}
Event: 57.582 GC heap before
{Heap before GC invocations=10 (full 1):
 PSYoungGen      total 25088K, used 24580K [0x00000000d5580000, 0x00000000d7400000, 0x0000000100000000)
  eden space 24064K, 100% used [0x00000000d5580000,0x00000000d6d00000,0x00000000d6d00000)
  from space 1024K, 50% used [0x00000000d7300000,0x00000000d73810d0,0x00000000d7400000)
  to   space 2048K, 0% used [0x00000000d7000000,0x00000000d7000000,0x00000000d7200000)
 ParOldGen       total 68608K, used 13332K [0x0000000080000000, 0x0000000084300000, 0x00000000d5580000)
  object space 68608K, 19% used [0x0000000080000000,0x0000000080d05078,0x0000000084300000)
 Metaspace       used 26574K, committed 27520K, reserved 1114112K
  class space    used 2753K, committed 3136K, reserved 1048576K
}
Event: 57.583 GC heap after
{Heap after GC invocations=10 (full 1):
 PSYoungGen      total 25600K, used 736K [0x00000000d5580000, 0x00000000d7380000, 0x0000000100000000)
  eden space 23552K, 0% used [0x00000000d5580000,0x00000000d5580000,0x00000000d6c80000)
  from space 2048K, 35% used [0x00000000d7000000,0x00000000d70b8000,0x00000000d7200000)
  to   space 1024K, 0% used [0x00000000d7280000,0x00000000d7280000,0x00000000d7380000)
 ParOldGen       total 68608K, used 13340K [0x0000000080000000, 0x0000000084300000, 0x00000000d5580000)
  object space 68608K, 19% used [0x0000000080000000,0x0000000080d07078,0x0000000084300000)
 Metaspace       used 26574K, committed 27520K, reserved 1114112K
  class space    used 2753K, committed 3136K, reserved 1048576K
}
Event: 57.680 GC heap before
{Heap before GC invocations=11 (full 1):
 PSYoungGen      total 25600K, used 24288K [0x00000000d5580000, 0x00000000d7380000, 0x0000000100000000)
  eden space 23552K, 100% used [0x00000000d5580000,0x00000000d6c80000,0x00000000d6c80000)
  from space 2048K, 35% used [0x00000000d7000000,0x00000000d70b8000,0x00000000d7200000)
  to   space 1024K, 0% used [0x00000000d7280000,0x00000000d7280000,0x00000000d7380000)
 ParOldGen       total 68608K, used 13340K [0x0000000080000000, 0x0000000084300000, 0x00000000d5580000)
  object space 68608K, 19% used [0x0000000080000000,0x0000000080d07078,0x0000000084300000)
 Metaspace       used 28105K, committed 28928K, reserved 1114112K
  class space    used 2867K, committed 3200K, reserved 1048576K
}
Event: 57.682 GC heap after
{Heap after GC invocations=11 (full 1):
 PSYoungGen      total 24064K, used 996K [0x00000000d5580000, 0x00000000d7380000, 0x0000000100000000)
  eden space 23040K, 0% used [0x00000000d5580000,0x00000000d5580000,0x00000000d6c00000)
  from space 1024K, 97% used [0x00000000d7280000,0x00000000d7379148,0x00000000d7380000)
  to   space 1536K, 0% used [0x00000000d7080000,0x00000000d7080000,0x00000000d7200000)
 ParOldGen       total 68608K, used 15118K [0x0000000080000000, 0x0000000084300000, 0x00000000d5580000)
  object space 68608K, 22% used [0x0000000080000000,0x0000000080ec3a98,0x0000000084300000)
 Metaspace       used 28105K, committed 28928K, reserved 1114112K
  class space    used 2867K, committed 3200K, reserved 1048576K
}
Event: 57.875 GC heap before
{Heap before GC invocations=12 (full 1):
 PSYoungGen      total 24064K, used 24036K [0x00000000d5580000, 0x00000000d7380000, 0x0000000100000000)
  eden space 23040K, 100% used [0x00000000d5580000,0x00000000d6c00000,0x00000000d6c00000)
  from space 1024K, 97% used [0x00000000d7280000,0x00000000d7379148,0x00000000d7380000)
  to   space 1536K, 0% used [0x00000000d7080000,0x00000000d7080000,0x00000000d7200000)
 ParOldGen       total 68608K, used 15118K [0x0000000080000000, 0x0000000084300000, 0x00000000d5580000)
  object space 68608K, 22% used [0x0000000080000000,0x0000000080ec3a98,0x0000000084300000)
 Metaspace       used 29473K, committed 30400K, reserved 1114112K
  class space    used 3023K, committed 3392K, reserved 1048576K
}
Event: 57.877 GC heap after
{Heap after GC invocations=12 (full 1):
 PSYoungGen      total 24064K, used 1309K [0x00000000d5580000, 0x00000000d7300000, 0x0000000100000000)
  eden space 22528K, 0% used [0x00000000d5580000,0x00000000d5580000,0x00000000d6b80000)
  from space 1536K, 85% used [0x00000000d7080000,0x00000000d71c7698,0x00000000d7200000)
  to   space 1024K, 0% used [0x00000000d7200000,0x00000000d7200000,0x00000000d7300000)
 ParOldGen       total 68608K, used 15747K [0x0000000080000000, 0x0000000084300000, 0x00000000d5580000)
  object space 68608K, 22% used [0x0000000080000000,0x0000000080f60c20,0x0000000084300000)
 Metaspace       used 29473K, committed 30400K, reserved 1114112K
  class space    used 3023K, committed 3392K, reserved 1048576K
}
Event: 58.087 GC heap before
{Heap before GC invocations=13 (full 1):
 PSYoungGen      total 24064K, used 23837K [0x00000000d5580000, 0x00000000d7300000, 0x0000000100000000)
  eden space 22528K, 100% used [0x00000000d5580000,0x00000000d6b80000,0x00000000d6b80000)
  from space 1536K, 85% used [0x00000000d7080000,0x00000000d71c7698,0x00000000d7200000)
  to   space 1024K, 0% used [0x00000000d7200000,0x00000000d7200000,0x00000000d7300000)
 ParOldGen       total 68608K, used 15747K [0x0000000080000000, 0x0000000084300000, 0x00000000d5580000)
  object space 68608K, 22% used [0x0000000080000000,0x0000000080f60c20,0x0000000084300000)
 Metaspace       used 32347K, committed 33216K, reserved 1114112K
  class space    used 3355K, committed 3712K, reserved 1048576K
}
Event: 58.089 GC heap after
{Heap after GC invocations=13 (full 1):
 PSYoungGen      total 23040K, used 1004K [0x00000000d5580000, 0x00000000d7300000, 0x0000000100000000)
  eden space 22016K, 0% used [0x00000000d5580000,0x00000000d5580000,0x00000000d6b00000)
  from space 1024K, 98% used [0x00000000d7200000,0x00000000d72fb0a8,0x00000000d7300000)
  to   space 1536K, 0% used [0x00000000d7000000,0x00000000d7000000,0x00000000d7180000)
 ParOldGen       total 68608K, used 16603K [0x0000000080000000, 0x0000000084300000, 0x00000000d5580000)
  object space 68608K, 24% used [0x0000000080000000,0x0000000081036db8,0x0000000084300000)
 Metaspace       used 32347K, committed 33216K, reserved 1114112K
  class space    used 3355K, committed 3712K, reserved 1048576K
}
Event: 58.267 GC heap before
{Heap before GC invocations=14 (full 1):
 PSYoungGen      total 23040K, used 18998K [0x00000000d5580000, 0x00000000d7300000, 0x0000000100000000)
  eden space 22016K, 81% used [0x00000000d5580000,0x00000000d6712b40,0x00000000d6b00000)
  from space 1024K, 98% used [0x00000000d7200000,0x00000000d72fb0a8,0x00000000d7300000)
  to   space 1536K, 0% used [0x00000000d7000000,0x00000000d7000000,0x00000000d7180000)
 ParOldGen       total 68608K, used 16603K [0x0000000080000000, 0x0000000084300000, 0x00000000d5580000)
  object space 68608K, 24% used [0x0000000080000000,0x0000000081036db8,0x0000000084300000)
 Metaspace       used 34850K, committed 35904K, reserved 1114112K
  class space    used 3658K, committed 4096K, reserved 1048576K
}
Event: 58.269 GC heap after
{Heap after GC invocations=14 (full 1):
 PSYoungGen      total 23552K, used 1128K [0x00000000d5580000, 0x00000000d7280000, 0x0000000100000000)
  eden space 22016K, 0% used [0x00000000d5580000,0x00000000d5580000,0x00000000d6b00000)
  from space 1536K, 73% used [0x00000000d7000000,0x00000000d711a050,0x00000000d7180000)
  to   space 1024K, 0% used [0x00000000d7180000,0x00000000d7180000,0x00000000d7280000)
 ParOldGen       total 68608K, used 17429K [0x0000000080000000, 0x0000000084300000, 0x00000000d5580000)
  object space 68608K, 25% used [0x0000000080000000,0x0000000081105460,0x0000000084300000)
 Metaspace       used 34850K, committed 35904K, reserved 1114112K
  class space    used 3658K, committed 4096K, reserved 1048576K
}
Event: 58.304 GC heap before
{Heap before GC invocations=15 (full 1):
 PSYoungGen      total 23552K, used 4926K [0x00000000d5580000, 0x00000000d7280000, 0x0000000100000000)
  eden space 22016K, 17% used [0x00000000d5580000,0x00000000d5935b98,0x00000000d6b00000)
  from space 1536K, 73% used [0x00000000d7000000,0x00000000d711a050,0x00000000d7180000)
  to   space 1024K, 0% used [0x00000000d7180000,0x00000000d7180000,0x00000000d7280000)
 ParOldGen       total 68608K, used 17429K [0x0000000080000000, 0x0000000084300000, 0x00000000d5580000)
  object space 68608K, 25% used [0x0000000080000000,0x0000000081105460,0x0000000084300000)
 Metaspace       used 35205K, committed 36160K, reserved 1114112K
  class space    used 3695K, committed 4096K, reserved 1048576K
}
Event: 58.305 GC heap after
{Heap after GC invocations=15 (full 1):
 PSYoungGen      total 23040K, used 800K [0x00000000d5580000, 0x00000000d7280000, 0x0000000100000000)
  eden space 22016K, 0% used [0x00000000d5580000,0x00000000d5580000,0x00000000d6b00000)
  from space 1024K, 78% used [0x00000000d7180000,0x00000000d72482d0,0x00000000d7280000)
  to   space 1024K, 0% used [0x00000000d7080000,0x00000000d7080000,0x00000000d7180000)
 ParOldGen       total 68608K, used 18290K [0x0000000080000000, 0x0000000084300000, 0x00000000d5580000)
  object space 68608K, 26% used [0x0000000080000000,0x00000000811dcb40,0x0000000084300000)
 Metaspace       used 35205K, committed 36160K, reserved 1114112K
  class space    used 3695K, committed 4096K, reserved 1048576K
}
Event: 58.305 GC heap before
{Heap before GC invocations=16 (full 2):
 PSYoungGen      total 23040K, used 800K [0x00000000d5580000, 0x00000000d7280000, 0x0000000100000000)
  eden space 22016K, 0% used [0x00000000d5580000,0x00000000d5580000,0x00000000d6b00000)
  from space 1024K, 78% used [0x00000000d7180000,0x00000000d72482d0,0x00000000d7280000)
  to   space 1024K, 0% used [0x00000000d7080000,0x00000000d7080000,0x00000000d7180000)
 ParOldGen       total 68608K, used 18290K [0x0000000080000000, 0x0000000084300000, 0x00000000d5580000)
  object space 68608K, 26% used [0x0000000080000000,0x00000000811dcb40,0x0000000084300000)
 Metaspace       used 35205K, committed 36160K, reserved 1114112K
  class space    used 3695K, committed 4096K, reserved 1048576K
}
Event: 58.327 GC heap after
{Heap after GC invocations=16 (full 2):
 PSYoungGen      total 23040K, used 0K [0x00000000d5580000, 0x00000000d7280000, 0x0000000100000000)
  eden space 22016K, 0% used [0x00000000d5580000,0x00000000d5580000,0x00000000d6b00000)
  from space 1024K, 0% used [0x00000000d7180000,0x00000000d7180000,0x00000000d7280000)
  to   space 1024K, 0% used [0x00000000d7080000,0x00000000d7080000,0x00000000d7180000)
 ParOldGen       total 68608K, used 17907K [0x0000000080000000, 0x0000000084300000, 0x00000000d5580000)
  object space 68608K, 26% used [0x0000000080000000,0x000000008117cee8,0x0000000084300000)
 Metaspace       used 35205K, committed 36160K, reserved 1114112K
  class space    used 3695K, committed 4096K, reserved 1048576K
}
Event: 58.489 GC heap before
{Heap before GC invocations=17 (full 2):
 PSYoungGen      total 23040K, used 21944K [0x00000000d5580000, 0x00000000d7280000, 0x0000000100000000)
  eden space 22016K, 99% used [0x00000000d5580000,0x00000000d6aee1a0,0x00000000d6b00000)
  from space 1024K, 0% used [0x00000000d7180000,0x00000000d7180000,0x00000000d7280000)
  to   space 1024K, 0% used [0x00000000d7080000,0x00000000d7080000,0x00000000d7180000)
 ParOldGen       total 68608K, used 17907K [0x0000000080000000, 0x0000000084300000, 0x00000000d5580000)
  object space 68608K, 26% used [0x0000000080000000,0x000000008117cee8,0x0000000084300000)
 Metaspace       used 37995K, committed 39040K, reserved 1114112K
  class space    used 4039K, committed 4480K, reserved 1048576K
}
Event: 58.491 GC heap after
{Heap after GC invocations=17 (full 2):
 PSYoungGen      total 23040K, used 1024K [0x00000000d5580000, 0x00000000d7300000, 0x0000000100000000)
  eden space 22016K, 0% used [0x00000000d5580000,0x00000000d5580000,0x00000000d6b00000)
  from space 1024K, 100% used [0x00000000d7080000,0x00000000d7180000,0x00000000d7180000)
  to   space 1536K, 0% used [0x00000000d7180000,0x00000000d7180000,0x00000000d7300000)
 ParOldGen       total 68608K, used 20130K [0x0000000080000000, 0x0000000084300000, 0x00000000d5580000)
  object space 68608K, 29% used [0x0000000080000000,0x00000000813a89e0,0x0000000084300000)
 Metaspace       used 37995K, committed 39040K, reserved 1114112K
  class space    used 4039K, committed 4480K, reserved 1048576K
}
Event: 58.743 GC heap before
{Heap before GC invocations=18 (full 2):
 PSYoungGen      total 23040K, used 23037K [0x00000000d5580000, 0x00000000d7300000, 0x0000000100000000)
  eden space 22016K, 99% used [0x00000000d5580000,0x00000000d6aff4b0,0x00000000d6b00000)
  from space 1024K, 100% used [0x00000000d7080000,0x00000000d7180000,0x00000000d7180000)
  to   space 1536K, 0% used [0x00000000d7180000,0x00000000d7180000,0x00000000d7300000)
 ParOldGen       total 68608K, used 20130K [0x0000000080000000, 0x0000000084300000, 0x00000000d5580000)
  object space 68608K, 29% used [0x0000000080000000,0x00000000813a89e0,0x0000000084300000)
 Metaspace       used 40627K, committed 41664K, reserved 1114112K
  class space    used 4368K, committed 4800K, reserved 1048576K
}
Event: 58.746 GC heap after
{Heap after GC invocations=18 (full 2):
 PSYoungGen      total 23552K, used 1536K [0x00000000d5580000, 0x00000000d7300000, 0x0000000100000000)
  eden space 22016K, 0% used [0x00000000d5580000,0x00000000d5580000,0x00000000d6b00000)
  from space 1536K, 100% used [0x00000000d7180000,0x00000000d7300000,0x00000000d7300000)
  to   space 3072K, 0% used [0x00000000d6d00000,0x00000000d6d00000,0x00000000d7000000)
 ParOldGen       total 68608K, used 21387K [0x0000000080000000, 0x0000000084300000, 0x00000000d5580000)
  object space 68608K, 31% used [0x0000000080000000,0x00000000814e2c30,0x0000000084300000)
 Metaspace       used 40627K, committed 41664K, reserved 1114112K
  class space    used 4368K, committed 4800K, reserved 1048576K
}

