# JRE version: OpenJDK Runtime Environment Temurin-21.0.8+9 (21.0.8+9) (build 21.0.8+9-LTS)
# Java VM: OpenJDK 64-Bit Server VM Temurin-21.0.8+9 (21.0.8+9-LTS, mixed mode, sharing, tiered, compressed oops, compressed class ptrs, parallel gc, windows-amd64)
GC Precious Log:
 CardTable entry size: 512
 CPUs: 12 total, 12 available
 Memory: 16095M
 Large Page Support: Disabled
 NUMA Support: Disabled
 Compressed Oops: Enabled (32-bit)
 Alignments: Space 512K, Generation 512K, Heap 2M
 Heap Min Capacity: 100M
 Heap Initial Capacity: 100M
 Heap Max Capacity: 2G
 Pre-touch: Disabled
 Parallel Workers: 10
Heap:
 PSYoungGen      total 23552K, used 4320K [0x00000000d5580000, 0x00000000d7300000, 0x0000000100000000)
  eden space 22016K, 13% used [0x00000000d5580000,0x00000000d585b488,0x00000000d6b00000)
  from space 1536K, 90% used [0x00000000d7180000,0x00000000d72dcc48,0x00000000d7300000)
  to   space 2048K, 0% used [0x00000000d6f00000,0x00000000d6f00000,0x00000000d7100000)
 ParOldGen       total 68608K, used 19675K [0x0000000080000000, 0x0000000084300000, 0x00000000d5580000)
  object space 68608K, 28% used [0x0000000080000000,0x0000000081336c40,0x0000000084300000)
 Metaspace       used 37456K, committed 38656K, reserved 1114112K
  class space    used 3967K, committed 4544K, reserved 1048576K
GC Heap History (20 events):
Event: 10.208 GC heap before
{Heap before GC invocations=7 (full 0):
 PSYoungGen      total 29696K, used 21751K [0x00000000d5580000, 0x00000000d7900000, 0x0000000100000000)
  eden space 24576K, 69% used [0x00000000d5580000,0x00000000d66284b8,0x00000000d6d80000)
  from space 5120K, 91% used [0x00000000d7400000,0x00000000d7895788,0x00000000d7900000)
  to   space 5120K, 0% used [0x00000000d6f00000,0x00000000d6f00000,0x00000000d7400000)
 ParOldGen       total 68608K, used 7925K [0x0000000080000000, 0x0000000084300000, 0x00000000d5580000)
  object space 68608K, 11% used [0x0000000080000000,0x00000000807bd630,0x0000000084300000)
 Metaspace       used 20563K, committed 21504K, reserved 1114112K
  class space    used 2225K, committed 2624K, reserved 1048576K
}
Event: 10.212 GC heap after
{Heap after GC invocations=7 (full 0):
 PSYoungGen      total 29184K, used 4203K [0x00000000d5580000, 0x00000000d7680000, 0x0000000100000000)
  eden space 24576K, 0% used [0x00000000d5580000,0x00000000d5580000,0x00000000d6d80000)
  from space 4608K, 91% used [0x00000000d6f00000,0x00000000d731ae80,0x00000000d7380000)
  to   space 3072K, 0% used [0x00000000d7380000,0x00000000d7380000,0x00000000d7680000)
 ParOldGen       total 68608K, used 9374K [0x0000000080000000, 0x0000000084300000, 0x00000000d5580000)
  object space 68608K, 13% used [0x0000000080000000,0x0000000080927950,0x0000000084300000)
 Metaspace       used 20563K, committed 21504K, reserved 1114112K
  class space    used 2225K, committed 2624K, reserved 1048576K
}
Event: 10.212 GC heap before
{Heap before GC invocations=8 (full 1):
 PSYoungGen      total 29184K, used 4203K [0x00000000d5580000, 0x00000000d7680000, 0x0000000100000000)
  eden space 24576K, 0% used [0x00000000d5580000,0x00000000d5580000,0x00000000d6d80000)
  from space 4608K, 91% used [0x00000000d6f00000,0x00000000d731ae80,0x00000000d7380000)
  to   space 3072K, 0% used [0x00000000d7380000,0x00000000d7380000,0x00000000d7680000)
 ParOldGen       total 68608K, used 9374K [0x0000000080000000, 0x0000000084300000, 0x00000000d5580000)
  object space 68608K, 13% used [0x0000000080000000,0x0000000080927950,0x0000000084300000)
 Metaspace       used 20563K, committed 21504K, reserved 1114112K
  class space    used 2225K, committed 2624K, reserved 1048576K
}
Event: 10.240 GC heap after
{Heap after GC invocations=8 (full 1):
 PSYoungGen      total 29184K, used 0K [0x00000000d5580000, 0x00000000d7680000, 0x0000000100000000)
  eden space 24576K, 0% used [0x00000000d5580000,0x00000000d5580000,0x00000000d6d80000)
  from space 4608K, 0% used [0x00000000d6f00000,0x00000000d6f00000,0x00000000d7380000)
  to   space 3072K, 0% used [0x00000000d7380000,0x00000000d7380000,0x00000000d7680000)
 ParOldGen       total 68608K, used 12972K [0x0000000080000000, 0x0000000084300000, 0x00000000d5580000)
  object space 68608K, 18% used [0x0000000080000000,0x0000000080cab2b8,0x0000000084300000)
 Metaspace       used 20550K, committed 21504K, reserved 1114112K
  class space    used 2222K, committed 2624K, reserved 1048576K
}
Event: 10.467 GC heap before
{Heap before GC invocations=9 (full 1):
 PSYoungGen      total 29184K, used 24348K [0x00000000d5580000, 0x00000000d7680000, 0x0000000100000000)
  eden space 24576K, 99% used [0x00000000d5580000,0x00000000d6d473b8,0x00000000d6d80000)
  from space 4608K, 0% used [0x00000000d6f00000,0x00000000d6f00000,0x00000000d7380000)
  to   space 3072K, 0% used [0x00000000d7380000,0x00000000d7380000,0x00000000d7680000)
 ParOldGen       total 68608K, used 12972K [0x0000000080000000, 0x0000000084300000, 0x00000000d5580000)
  object space 68608K, 18% used [0x0000000080000000,0x0000000080cab2b8,0x0000000084300000)
 Metaspace       used 22688K, committed 23616K, reserved 1114112K
  class space    used 2397K, committed 2816K, reserved 1048576K
}
Event: 10.469 GC heap after
{Heap after GC invocations=9 (full 1):
 PSYoungGen      total 25600K, used 1116K [0x00000000d5580000, 0x00000000d7500000, 0x0000000100000000)
  eden space 24064K, 0% used [0x00000000d5580000,0x00000000d5580000,0x00000000d6d00000)
  from space 1536K, 72% used [0x00000000d7380000,0x00000000d74973f0,0x00000000d7500000)
  to   space 2560K, 0% used [0x00000000d7000000,0x00000000d7000000,0x00000000d7280000)
 ParOldGen       total 68608K, used 12980K [0x0000000080000000, 0x0000000084300000, 0x00000000d5580000)
  object space 68608K, 18% used [0x0000000080000000,0x0000000080cad2b8,0x0000000084300000)
 Metaspace       used 22688K, committed 23616K, reserved 1114112K
  class space    used 2397K, committed 2816K, reserved 1048576K
}
Event: 10.655 GC heap before
{Heap before GC invocations=10 (full 1):
 PSYoungGen      total 25600K, used 25180K [0x00000000d5580000, 0x00000000d7500000, 0x0000000100000000)
  eden space 24064K, 100% used [0x00000000d5580000,0x00000000d6d00000,0x00000000d6d00000)
  from space 1536K, 72% used [0x00000000d7380000,0x00000000d74973f0,0x00000000d7500000)
  to   space 2560K, 0% used [0x00000000d7000000,0x00000000d7000000,0x00000000d7280000)
 ParOldGen       total 68608K, used 12980K [0x0000000080000000, 0x0000000084300000, 0x00000000d5580000)
  object space 68608K, 18% used [0x0000000080000000,0x0000000080cad2b8,0x0000000084300000)
 Metaspace       used 26413K, committed 27328K, reserved 1114112K
  class space    used 2668K, committed 3072K, reserved 1048576K
}
Event: 10.656 GC heap after
{Heap after GC invocations=10 (full 1):
 PSYoungGen      total 26112K, used 1180K [0x00000000d5580000, 0x00000000d7400000, 0x0000000100000000)
  eden space 23552K, 0% used [0x00000000d5580000,0x00000000d5580000,0x00000000d6c80000)
  from space 2560K, 46% used [0x00000000d7000000,0x00000000d71273f0,0x00000000d7280000)
  to   space 1536K, 0% used [0x00000000d7280000,0x00000000d7280000,0x00000000d7400000)
 ParOldGen       total 68608K, used 12980K [0x0000000080000000, 0x0000000084300000, 0x00000000d5580000)
  object space 68608K, 18% used [0x0000000080000000,0x0000000080cad2b8,0x0000000084300000)
 Metaspace       used 26413K, committed 27328K, reserved 1114112K
  class space    used 2668K, committed 3072K, reserved 1048576K
}
Event: 10.897 GC heap before
{Heap before GC invocations=11 (full 1):
 PSYoungGen      total 26112K, used 24732K [0x00000000d5580000, 0x00000000d7400000, 0x0000000100000000)
  eden space 23552K, 100% used [0x00000000d5580000,0x00000000d6c80000,0x00000000d6c80000)
  from space 2560K, 46% used [0x00000000d7000000,0x00000000d71273f0,0x00000000d7280000)
  to   space 1536K, 0% used [0x00000000d7280000,0x00000000d7280000,0x00000000d7400000)
 ParOldGen       total 68608K, used 12980K [0x0000000080000000, 0x0000000084300000, 0x00000000d5580000)
  object space 68608K, 18% used [0x0000000080000000,0x0000000080cad2b8,0x0000000084300000)
 Metaspace       used 27935K, committed 28928K, reserved 1114112K
  class space    used 2784K, committed 3200K, reserved 1048576K
}
Event: 10.899 GC heap after
{Heap after GC invocations=11 (full 1):
 PSYoungGen      total 24576K, used 1420K [0x00000000d5580000, 0x00000000d7400000, 0x0000000100000000)
  eden space 23040K, 0% used [0x00000000d5580000,0x00000000d5580000,0x00000000d6c00000)
  from space 1536K, 92% used [0x00000000d7280000,0x00000000d73e32a0,0x00000000d7400000)
  to   space 1536K, 0% used [0x00000000d7100000,0x00000000d7100000,0x00000000d7280000)
 ParOldGen       total 68608K, used 15469K [0x0000000080000000, 0x0000000084300000, 0x00000000d5580000)
  object space 68608K, 22% used [0x0000000080000000,0x0000000080f1b548,0x0000000084300000)
 Metaspace       used 27935K, committed 28928K, reserved 1114112K
  class space    used 2784K, committed 3200K, reserved 1048576K
}
Event: 11.314 GC heap before
{Heap before GC invocations=12 (full 1):
 PSYoungGen      total 24576K, used 24460K [0x00000000d5580000, 0x00000000d7400000, 0x0000000100000000)
  eden space 23040K, 100% used [0x00000000d5580000,0x00000000d6c00000,0x00000000d6c00000)
  from space 1536K, 92% used [0x00000000d7280000,0x00000000d73e32a0,0x00000000d7400000)
  to   space 1536K, 0% used [0x00000000d7100000,0x00000000d7100000,0x00000000d7280000)
 ParOldGen       total 68608K, used 15469K [0x0000000080000000, 0x0000000084300000, 0x00000000d5580000)
  object space 68608K, 22% used [0x0000000080000000,0x0000000080f1b548,0x0000000084300000)
 Metaspace       used 31302K, committed 32448K, reserved 1114112K
  class space    used 3144K, committed 3648K, reserved 1048576K
}
Event: 11.317 GC heap after
{Heap after GC invocations=12 (full 1):
 PSYoungGen      total 24064K, used 1527K [0x00000000d5580000, 0x00000000d7380000, 0x0000000100000000)
  eden space 22528K, 0% used [0x00000000d5580000,0x00000000d5580000,0x00000000d6b80000)
  from space 1536K, 99% used [0x00000000d7100000,0x00000000d727ddc0,0x00000000d7280000)
  to   space 1024K, 0% used [0x00000000d7280000,0x00000000d7280000,0x00000000d7380000)
 ParOldGen       total 68608K, used 17346K [0x0000000080000000, 0x0000000084300000, 0x00000000d5580000)
  object space 68608K, 25% used [0x0000000080000000,0x00000000810f0b10,0x0000000084300000)
 Metaspace       used 31302K, committed 32448K, reserved 1114112K
  class space    used 3144K, committed 3648K, reserved 1048576K
}
Event: 11.532 GC heap before
{Heap before GC invocations=13 (full 1):
 PSYoungGen      total 24064K, used 24055K [0x00000000d5580000, 0x00000000d7380000, 0x0000000100000000)
  eden space 22528K, 100% used [0x00000000d5580000,0x00000000d6b80000,0x00000000d6b80000)
  from space 1536K, 99% used [0x00000000d7100000,0x00000000d727ddc0,0x00000000d7280000)
  to   space 1024K, 0% used [0x00000000d7280000,0x00000000d7280000,0x00000000d7380000)
 ParOldGen       total 68608K, used 17346K [0x0000000080000000, 0x0000000084300000, 0x00000000d5580000)
  object space 68608K, 25% used [0x0000000080000000,0x00000000810f0b10,0x0000000084300000)
 Metaspace       used 33999K, committed 35072K, reserved 1114112K
  class space    used 3502K, committed 3968K, reserved 1048576K
}
Event: 11.535 GC heap after
{Heap after GC invocations=13 (full 1):
 PSYoungGen      total 23040K, used 1008K [0x00000000d5580000, 0x00000000d7380000, 0x0000000100000000)
  eden space 22016K, 0% used [0x00000000d5580000,0x00000000d5580000,0x00000000d6b00000)
  from space 1024K, 98% used [0x00000000d7280000,0x00000000d737c010,0x00000000d7380000)
  to   space 3584K, 0% used [0x00000000d6c80000,0x00000000d6c80000,0x00000000d7000000)
 ParOldGen       total 68608K, used 19432K [0x0000000080000000, 0x0000000084300000, 0x00000000d5580000)
  object space 68608K, 28% used [0x0000000080000000,0x00000000812fa008,0x0000000084300000)
 Metaspace       used 33999K, committed 35072K, reserved 1114112K
  class space    used 3502K, committed 3968K, reserved 1048576K
}
Event: 11.596 GC heap before
{Heap before GC invocations=14 (full 1):
 PSYoungGen      total 23040K, used 7129K [0x00000000d5580000, 0x00000000d7380000, 0x0000000100000000)
  eden space 22016K, 27% used [0x00000000d5580000,0x00000000d5b7a458,0x00000000d6b00000)
  from space 1024K, 98% used [0x00000000d7280000,0x00000000d737c010,0x00000000d7380000)
  to   space 3584K, 0% used [0x00000000d6c80000,0x00000000d6c80000,0x00000000d7000000)
 ParOldGen       total 68608K, used 19432K [0x0000000080000000, 0x0000000084300000, 0x00000000d5580000)
  object space 68608K, 28% used [0x0000000080000000,0x00000000812fa008,0x0000000084300000)
 Metaspace       used 34688K, committed 35840K, reserved 1114112K
  class space    used 3596K, committed 4096K, reserved 1048576K
}
Event: 11.597 GC heap after
{Heap after GC invocations=14 (full 1):
 PSYoungGen      total 25600K, used 544K [0x00000000d5580000, 0x00000000d7300000, 0x0000000100000000)
  eden space 22016K, 0% used [0x00000000d5580000,0x00000000d5580000,0x00000000d6b00000)
  from space 3584K, 15% used [0x00000000d6c80000,0x00000000d6d08000,0x00000000d7000000)
  to   space 1536K, 0% used [0x00000000d7180000,0x00000000d7180000,0x00000000d7300000)
 ParOldGen       total 68608K, used 20333K [0x0000000080000000, 0x0000000084300000, 0x00000000d5580000)
  object space 68608K, 29% used [0x0000000080000000,0x00000000813db6b8,0x0000000084300000)
 Metaspace       used 34688K, committed 35840K, reserved 1114112K
  class space    used 3596K, committed 4096K, reserved 1048576K
}
Event: 11.597 GC heap before
{Heap before GC invocations=15 (full 2):
 PSYoungGen      total 25600K, used 544K [0x00000000d5580000, 0x00000000d7300000, 0x0000000100000000)
  eden space 22016K, 0% used [0x00000000d5580000,0x00000000d5580000,0x00000000d6b00000)
  from space 3584K, 15% used [0x00000000d6c80000,0x00000000d6d08000,0x00000000d7000000)
  to   space 1536K, 0% used [0x00000000d7180000,0x00000000d7180000,0x00000000d7300000)
 ParOldGen       total 68608K, used 20333K [0x0000000080000000, 0x0000000084300000, 0x00000000d5580000)
  object space 68608K, 29% used [0x0000000080000000,0x00000000813db6b8,0x0000000084300000)
 Metaspace       used 34688K, committed 35840K, reserved 1114112K
  class space    used 3596K, committed 4096K, reserved 1048576K
}
Event: 11.622 GC heap after
{Heap after GC invocations=15 (full 2):
 PSYoungGen      total 25600K, used 0K [0x00000000d5580000, 0x00000000d7300000, 0x0000000100000000)
  eden space 22016K, 0% used [0x00000000d5580000,0x00000000d5580000,0x00000000d6b00000)
  from space 3584K, 0% used [0x00000000d6c80000,0x00000000d6c80000,0x00000000d7000000)
  to   space 1536K, 0% used [0x00000000d7180000,0x00000000d7180000,0x00000000d7300000)
 ParOldGen       total 68608K, used 19664K [0x0000000080000000, 0x0000000084300000, 0x00000000d5580000)
  object space 68608K, 28% used [0x0000000080000000,0x0000000081334140,0x0000000084300000)
 Metaspace       used 34688K, committed 35840K, reserved 1114112K
  class space    used 3596K, committed 4096K, reserved 1048576K
}
Event: 11.885 GC heap before
{Heap before GC invocations=16 (full 2):
 PSYoungGen      total 25600K, used 22016K [0x00000000d5580000, 0x00000000d7300000, 0x0000000100000000)
  eden space 22016K, 100% used [0x00000000d5580000,0x00000000d6b00000,0x00000000d6b00000)
  from space 3584K, 0% used [0x00000000d6c80000,0x00000000d6c80000,0x00000000d7000000)
  to   space 1536K, 0% used [0x00000000d7180000,0x00000000d7180000,0x00000000d7300000)
 ParOldGen       total 68608K, used 19667K [0x0000000080000000, 0x0000000084300000, 0x00000000d5580000)
  object space 68608K, 28% used [0x0000000080000000,0x0000000081334c40,0x0000000084300000)
 Metaspace       used 37201K, committed 38400K, reserved 1114112K
  class space    used 3937K, committed 4480K, reserved 1048576K
}
Event: 11.886 GC heap after
{Heap after GC invocations=16 (full 2):
 PSYoungGen      total 23552K, used 1395K [0x00000000d5580000, 0x00000000d7300000, 0x0000000100000000)
  eden space 22016K, 0% used [0x00000000d5580000,0x00000000d5580000,0x00000000d6b00000)
  from space 1536K, 90% used [0x00000000d7180000,0x00000000d72dcc48,0x00000000d7300000)
  to   space 2048K, 0% used [0x00000000d6f00000,0x00000000d6f00000,0x00000000d7100000)
 ParOldGen       total 68608K, used 19675K [0x0000000080000000, 0x0000000084300000, 0x00000000d5580000)
  object space 68608K, 28% used [0x0000000080000000,0x0000000081336c40,0x0000000084300000)
 Metaspace       used 37201K, committed 38400K, reserved 1114112K
  class space    used 3937K, committed 4480K, reserved 1048576K
}

