# JRE version: OpenJDK Runtime Environment Temurin-21.0.8+9 (21.0.8+9) (build 21.0.8+9-LTS)
# Java VM: OpenJDK 64-Bit Server VM Temurin-21.0.8+9 (21.0.8+9-LTS, mixed mode, sharing, tiered, compressed oops, compressed class ptrs, parallel gc, windows-amd64)
GC Precious Log:
 CardTable entry size: 512
 CPUs: 12 total, 12 available
 Memory: 16095M
 Large Page Support: Disabled
 NUMA Support: Disabled
 Compressed Oops: Enabled (32-bit)
 Alignments: Space 512K, Generation 512K, Heap 2M
 Heap Min Capacity: 100M
 Heap Initial Capacity: 100M
 Heap Max Capacity: 2G
 Pre-touch: Disabled
 Parallel Workers: 10
Heap:
 PSYoungGen      total 8704K, used 4553K [0x00000000d5580000, 0x00000000d5f80000, 0x0000000100000000)
  eden space 8192K, 49% used [0x00000000d5580000,0x00000000d59725a8,0x00000000d5d80000)
  from space 512K, 100% used [0x00000000d5f00000,0x00000000d5f80000,0x00000000d5f80000)
  to   space 1024K, 0% used [0x00000000d5e00000,0x00000000d5e00000,0x00000000d5f00000)
 ParOldGen       total 80384K, used 78181K [0x0000000080000000, 0x0000000084e80000, 0x00000000d5580000)
  object space 80384K, 97% used [0x0000000080000000,0x0000000084c59668,0x0000000084e80000)
 Metaspace       used 63833K, committed 65344K, reserved 1114112K
  class space    used 6833K, committed 7488K, reserved 1048576K
GC Heap History (20 events):
Event: 119.314 GC heap before
{Heap before GC invocations=110 (full 3):
 PSYoungGen      total 9216K, used 9216K [0x00000000d5580000, 0x00000000d6280000, 0x0000000100000000)
  eden space 8192K, 100% used [0x00000000d5580000,0x00000000d5d80000,0x00000000d5d80000)
  from space 1024K, 100% used [0x00000000d5f80000,0x00000000d6080000,0x00000000d6080000)
  to   space 2048K, 0% used [0x00000000d5d80000,0x00000000d5d80000,0x00000000d5f80000)
 ParOldGen       total 80384K, used 72119K [0x0000000080000000, 0x0000000084e80000, 0x00000000d5580000)
  object space 80384K, 89% used [0x0000000080000000,0x000000008466de90,0x0000000084e80000)
 Metaspace       used 62806K, committed 64256K, reserved 1114112K
  class space    used 6717K, committed 7360K, reserved 1048576K
}
Event: 119.318 GC heap after
{Heap after GC invocations=110 (full 3):
 PSYoungGen      total 9216K, used 672K [0x00000000d5580000, 0x00000000d6000000, 0x0000000100000000)
  eden space 8192K, 0% used [0x00000000d5580000,0x00000000d5580000,0x00000000d5d80000)
  from space 1024K, 65% used [0x00000000d5d80000,0x00000000d5e28000,0x00000000d5e80000)
  to   space 1024K, 0% used [0x00000000d5f00000,0x00000000d5f00000,0x00000000d6000000)
 ParOldGen       total 80384K, used 72855K [0x0000000080000000, 0x0000000084e80000, 0x00000000d5580000)
  object space 80384K, 90% used [0x0000000080000000,0x0000000084725e90,0x0000000084e80000)
 Metaspace       used 62806K, committed 64256K, reserved 1114112K
  class space    used 6717K, committed 7360K, reserved 1048576K
}
Event: 126.854 GC heap before
{Heap before GC invocations=111 (full 3):
 PSYoungGen      total 9216K, used 8864K [0x00000000d5580000, 0x00000000d6000000, 0x0000000100000000)
  eden space 8192K, 100% used [0x00000000d5580000,0x00000000d5d80000,0x00000000d5d80000)
  from space 1024K, 65% used [0x00000000d5d80000,0x00000000d5e28000,0x00000000d5e80000)
  to   space 1024K, 0% used [0x00000000d5f00000,0x00000000d5f00000,0x00000000d6000000)
 ParOldGen       total 80384K, used 72855K [0x0000000080000000, 0x0000000084e80000, 0x00000000d5580000)
  object space 80384K, 90% used [0x0000000080000000,0x0000000084725e90,0x0000000084e80000)
 Metaspace       used 63089K, committed 64640K, reserved 1114112K
  class space    used 6761K, committed 7424K, reserved 1048576K
}
Event: 126.856 GC heap after
{Heap after GC invocations=111 (full 3):
 PSYoungGen      total 9216K, used 800K [0x00000000d5580000, 0x00000000d6000000, 0x0000000100000000)
  eden space 8192K, 0% used [0x00000000d5580000,0x00000000d5580000,0x00000000d5d80000)
  from space 1024K, 78% used [0x00000000d5f00000,0x00000000d5fc8000,0x00000000d6000000)
  to   space 1024K, 0% used [0x00000000d5d80000,0x00000000d5d80000,0x00000000d5e80000)
 ParOldGen       total 80384K, used 73335K [0x0000000080000000, 0x0000000084e80000, 0x00000000d5580000)
  object space 80384K, 91% used [0x0000000080000000,0x000000008479de90,0x0000000084e80000)
 Metaspace       used 63089K, committed 64640K, reserved 1114112K
  class space    used 6761K, committed 7424K, reserved 1048576K
}
Event: 128.066 GC heap before
{Heap before GC invocations=112 (full 3):
 PSYoungGen      total 9216K, used 8992K [0x00000000d5580000, 0x00000000d6000000, 0x0000000100000000)
  eden space 8192K, 100% used [0x00000000d5580000,0x00000000d5d80000,0x00000000d5d80000)
  from space 1024K, 78% used [0x00000000d5f00000,0x00000000d5fc8000,0x00000000d6000000)
  to   space 1024K, 0% used [0x00000000d5d80000,0x00000000d5d80000,0x00000000d5e80000)
 ParOldGen       total 80384K, used 73335K [0x0000000080000000, 0x0000000084e80000, 0x00000000d5580000)
  object space 80384K, 91% used [0x0000000080000000,0x000000008479de90,0x0000000084e80000)
 Metaspace       used 63118K, committed 64640K, reserved 1114112K
  class space    used 6765K, committed 7424K, reserved 1048576K
}
Event: 128.069 GC heap after
{Heap after GC invocations=112 (full 3):
 PSYoungGen      total 9216K, used 832K [0x00000000d5580000, 0x00000000d5f80000, 0x0000000100000000)
  eden space 8192K, 0% used [0x00000000d5580000,0x00000000d5580000,0x00000000d5d80000)
  from space 1024K, 81% used [0x00000000d5d80000,0x00000000d5e50020,0x00000000d5e80000)
  to   space 1024K, 0% used [0x00000000d5e80000,0x00000000d5e80000,0x00000000d5f80000)
 ParOldGen       total 80384K, used 73999K [0x0000000080000000, 0x0000000084e80000, 0x00000000d5580000)
  object space 80384K, 92% used [0x0000000080000000,0x0000000084843e90,0x0000000084e80000)
 Metaspace       used 63118K, committed 64640K, reserved 1114112K
  class space    used 6765K, committed 7424K, reserved 1048576K
}
Event: 132.456 GC heap before
{Heap before GC invocations=113 (full 3):
 PSYoungGen      total 9216K, used 9024K [0x00000000d5580000, 0x00000000d5f80000, 0x0000000100000000)
  eden space 8192K, 100% used [0x00000000d5580000,0x00000000d5d80000,0x00000000d5d80000)
  from space 1024K, 81% used [0x00000000d5d80000,0x00000000d5e50020,0x00000000d5e80000)
  to   space 1024K, 0% used [0x00000000d5e80000,0x00000000d5e80000,0x00000000d5f80000)
 ParOldGen       total 80384K, used 73999K [0x0000000080000000, 0x0000000084e80000, 0x00000000d5580000)
  object space 80384K, 92% used [0x0000000080000000,0x0000000084843e90,0x0000000084e80000)
 Metaspace       used 63463K, committed 65024K, reserved 1114112K
  class space    used 6799K, committed 7488K, reserved 1048576K
}
Event: 132.458 GC heap after
{Heap after GC invocations=113 (full 3):
 PSYoungGen      total 9216K, used 750K [0x00000000d5580000, 0x00000000d5f80000, 0x0000000100000000)
  eden space 8192K, 0% used [0x00000000d5580000,0x00000000d5580000,0x00000000d5d80000)
  from space 1024K, 73% used [0x00000000d5e80000,0x00000000d5f3bb98,0x00000000d5f80000)
  to   space 1024K, 0% used [0x00000000d5d80000,0x00000000d5d80000,0x00000000d5e80000)
 ParOldGen       total 80384K, used 74431K [0x0000000080000000, 0x0000000084e80000, 0x00000000d5580000)
  object space 80384K, 92% used [0x0000000080000000,0x00000000848afe90,0x0000000084e80000)
 Metaspace       used 63463K, committed 65024K, reserved 1114112K
  class space    used 6799K, committed 7488K, reserved 1048576K
}
Event: 133.268 GC heap before
{Heap before GC invocations=114 (full 3):
 PSYoungGen      total 9216K, used 8942K [0x00000000d5580000, 0x00000000d5f80000, 0x0000000100000000)
  eden space 8192K, 100% used [0x00000000d5580000,0x00000000d5d80000,0x00000000d5d80000)
  from space 1024K, 73% used [0x00000000d5e80000,0x00000000d5f3bb98,0x00000000d5f80000)
  to   space 1024K, 0% used [0x00000000d5d80000,0x00000000d5d80000,0x00000000d5e80000)
 ParOldGen       total 80384K, used 74431K [0x0000000080000000, 0x0000000084e80000, 0x00000000d5580000)
  object space 80384K, 92% used [0x0000000080000000,0x00000000848afe90,0x0000000084e80000)
 Metaspace       used 63616K, committed 65152K, reserved 1114112K
  class space    used 6818K, committed 7488K, reserved 1048576K
}
Event: 133.273 GC heap after
{Heap after GC invocations=114 (full 3):
 PSYoungGen      total 9216K, used 1008K [0x00000000d5580000, 0x00000000d6180000, 0x0000000100000000)
  eden space 8192K, 0% used [0x00000000d5580000,0x00000000d5580000,0x00000000d5d80000)
  from space 1024K, 98% used [0x00000000d5d80000,0x00000000d5e7c010,0x00000000d5e80000)
  to   space 2048K, 0% used [0x00000000d5f80000,0x00000000d5f80000,0x00000000d6180000)
 ParOldGen       total 80384K, used 75176K [0x0000000080000000, 0x0000000084e80000, 0x00000000d5580000)
  object space 80384K, 93% used [0x0000000080000000,0x000000008496a1b0,0x0000000084e80000)
 Metaspace       used 63616K, committed 65152K, reserved 1114112K
  class space    used 6818K, committed 7488K, reserved 1048576K
}
Event: 133.607 GC heap before
{Heap before GC invocations=115 (full 3):
 PSYoungGen      total 9216K, used 9200K [0x00000000d5580000, 0x00000000d6180000, 0x0000000100000000)
  eden space 8192K, 100% used [0x00000000d5580000,0x00000000d5d80000,0x00000000d5d80000)
  from space 1024K, 98% used [0x00000000d5d80000,0x00000000d5e7c010,0x00000000d5e80000)
  to   space 2048K, 0% used [0x00000000d5f80000,0x00000000d5f80000,0x00000000d6180000)
 ParOldGen       total 80384K, used 75176K [0x0000000080000000, 0x0000000084e80000, 0x00000000d5580000)
  object space 80384K, 93% used [0x0000000080000000,0x000000008496a1b0,0x0000000084e80000)
 Metaspace       used 63627K, committed 65152K, reserved 1114112K
  class space    used 6818K, committed 7488K, reserved 1048576K
}
Event: 133.610 GC heap after
{Heap after GC invocations=115 (full 3):
 PSYoungGen      total 9216K, used 800K [0x00000000d5580000, 0x00000000d6080000, 0x0000000100000000)
  eden space 8192K, 0% used [0x00000000d5580000,0x00000000d5580000,0x00000000d5d80000)
  from space 1024K, 78% used [0x00000000d5f80000,0x00000000d6048000,0x00000000d6080000)
  to   space 1536K, 0% used [0x00000000d5d80000,0x00000000d5d80000,0x00000000d5f00000)
 ParOldGen       total 80384K, used 76142K [0x0000000080000000, 0x0000000084e80000, 0x00000000d5580000)
  object space 80384K, 94% used [0x0000000080000000,0x0000000084a5bbd0,0x0000000084e80000)
 Metaspace       used 63627K, committed 65152K, reserved 1114112K
  class space    used 6818K, committed 7488K, reserved 1048576K
}
Event: 134.059 GC heap before
{Heap before GC invocations=116 (full 3):
 PSYoungGen      total 9216K, used 8980K [0x00000000d5580000, 0x00000000d6080000, 0x0000000100000000)
  eden space 8192K, 99% used [0x00000000d5580000,0x00000000d5d7d1e0,0x00000000d5d80000)
  from space 1024K, 78% used [0x00000000d5f80000,0x00000000d6048000,0x00000000d6080000)
  to   space 1536K, 0% used [0x00000000d5d80000,0x00000000d5d80000,0x00000000d5f00000)
 ParOldGen       total 80384K, used 76142K [0x0000000080000000, 0x0000000084e80000, 0x00000000d5580000)
  object space 80384K, 94% used [0x0000000080000000,0x0000000084a5bbd0,0x0000000084e80000)
 Metaspace       used 63658K, committed 65216K, reserved 1114112K
  class space    used 6818K, committed 7488K, reserved 1048576K
}
Event: 134.062 GC heap after
{Heap after GC invocations=116 (full 3):
 PSYoungGen      total 9728K, used 976K [0x00000000d5580000, 0x00000000d6000000, 0x0000000100000000)
  eden space 8192K, 0% used [0x00000000d5580000,0x00000000d5580000,0x00000000d5d80000)
  from space 1536K, 63% used [0x00000000d5d80000,0x00000000d5e74010,0x00000000d5f00000)
  to   space 1024K, 0% used [0x00000000d5f00000,0x00000000d5f00000,0x00000000d6000000)
 ParOldGen       total 80384K, used 76550K [0x0000000080000000, 0x0000000084e80000, 0x00000000d5580000)
  object space 80384K, 95% used [0x0000000080000000,0x0000000084ac1bd0,0x0000000084e80000)
 Metaspace       used 63658K, committed 65216K, reserved 1114112K
  class space    used 6818K, committed 7488K, reserved 1048576K
}
Event: 134.403 GC heap before
{Heap before GC invocations=117 (full 3):
 PSYoungGen      total 9728K, used 9154K [0x00000000d5580000, 0x00000000d6000000, 0x0000000100000000)
  eden space 8192K, 99% used [0x00000000d5580000,0x00000000d5d7cae0,0x00000000d5d80000)
  from space 1536K, 63% used [0x00000000d5d80000,0x00000000d5e74010,0x00000000d5f00000)
  to   space 1024K, 0% used [0x00000000d5f00000,0x00000000d5f00000,0x00000000d6000000)
 ParOldGen       total 80384K, used 76550K [0x0000000080000000, 0x0000000084e80000, 0x00000000d5580000)
  object space 80384K, 95% used [0x0000000080000000,0x0000000084ac1bd0,0x0000000084e80000)
 Metaspace       used 63672K, committed 65216K, reserved 1114112K
  class space    used 6818K, committed 7488K, reserved 1048576K
}
Event: 134.405 GC heap after
{Heap after GC invocations=117 (full 3):
 PSYoungGen      total 9216K, used 656K [0x00000000d5580000, 0x00000000d6000000, 0x0000000100000000)
  eden space 8192K, 0% used [0x00000000d5580000,0x00000000d5580000,0x00000000d5d80000)
  from space 1024K, 64% used [0x00000000d5f00000,0x00000000d5fa4010,0x00000000d6000000)
  to   space 1024K, 0% used [0x00000000d5e00000,0x00000000d5e00000,0x00000000d5f00000)
 ParOldGen       total 80384K, used 77174K [0x0000000080000000, 0x0000000084e80000, 0x00000000d5580000)
  object space 80384K, 96% used [0x0000000080000000,0x0000000084b5dbd0,0x0000000084e80000)
 Metaspace       used 63672K, committed 65216K, reserved 1114112K
  class space    used 6818K, committed 7488K, reserved 1048576K
}
Event: 134.694 GC heap before
{Heap before GC invocations=118 (full 3):
 PSYoungGen      total 9216K, used 8838K [0x00000000d5580000, 0x00000000d6000000, 0x0000000100000000)
  eden space 8192K, 99% used [0x00000000d5580000,0x00000000d5d7d8d8,0x00000000d5d80000)
  from space 1024K, 64% used [0x00000000d5f00000,0x00000000d5fa4010,0x00000000d6000000)
  to   space 1024K, 0% used [0x00000000d5e00000,0x00000000d5e00000,0x00000000d5f00000)
 ParOldGen       total 80384K, used 77174K [0x0000000080000000, 0x0000000084e80000, 0x00000000d5580000)
  object space 80384K, 96% used [0x0000000080000000,0x0000000084b5dbd0,0x0000000084e80000)
 Metaspace       used 63681K, committed 65216K, reserved 1114112K
  class space    used 6818K, committed 7488K, reserved 1048576K
}
Event: 134.697 GC heap after
{Heap after GC invocations=118 (full 3):
 PSYoungGen      total 9216K, used 704K [0x00000000d5580000, 0x00000000d5f80000, 0x0000000100000000)
  eden space 8192K, 0% used [0x00000000d5580000,0x00000000d5580000,0x00000000d5d80000)
  from space 1024K, 68% used [0x00000000d5e00000,0x00000000d5eb0000,0x00000000d5f00000)
  to   space 512K, 0% used [0x00000000d5f00000,0x00000000d5f00000,0x00000000d5f80000)
 ParOldGen       total 80384K, used 77542K [0x0000000080000000, 0x0000000084e80000, 0x00000000d5580000)
  object space 80384K, 96% used [0x0000000080000000,0x0000000084bb9bd0,0x0000000084e80000)
 Metaspace       used 63681K, committed 65216K, reserved 1114112K
  class space    used 6818K, committed 7488K, reserved 1048576K
}
Event: 136.151 GC heap before
{Heap before GC invocations=119 (full 3):
 PSYoungGen      total 9216K, used 8896K [0x00000000d5580000, 0x00000000d5f80000, 0x0000000100000000)
  eden space 8192K, 100% used [0x00000000d5580000,0x00000000d5d80000,0x00000000d5d80000)
  from space 1024K, 68% used [0x00000000d5e00000,0x00000000d5eb0000,0x00000000d5f00000)
  to   space 512K, 0% used [0x00000000d5f00000,0x00000000d5f00000,0x00000000d5f80000)
 ParOldGen       total 80384K, used 77542K [0x0000000080000000, 0x0000000084e80000, 0x00000000d5580000)
  object space 80384K, 96% used [0x0000000080000000,0x0000000084bb9bd0,0x0000000084e80000)
 Metaspace       used 63785K, committed 65280K, reserved 1114112K
  class space    used 6829K, committed 7488K, reserved 1048576K
}
Event: 138.177 GC heap after
{Heap after GC invocations=119 (full 3):
 PSYoungGen      total 8704K, used 512K [0x00000000d5580000, 0x00000000d5f80000, 0x0000000100000000)
  eden space 8192K, 0% used [0x00000000d5580000,0x00000000d5580000,0x00000000d5d80000)
  from space 512K, 100% used [0x00000000d5f00000,0x00000000d5f80000,0x00000000d5f80000)
  to   space 1024K, 0% used [0x00000000d5e00000,0x00000000d5e00000,0x00000000d5f00000)
 ParOldGen       total 80384K, used 78181K [0x0000000080000000, 0x0000000084e80000, 0x00000000d5580000)
  object space 80384K, 97% used [0x0000000080000000,0x0000000084c59668,0x0000000084e80000)
 Metaspace       used 63785K, committed 65280K, reserved 1114112K
  class space    used 6829K, committed 7488K, reserved 1048576K
}

