# JRE version: OpenJDK Runtime Environment Temurin-21.0.8+9 (21.0.8+9) (build 21.0.8+9-LTS)
# Java VM: OpenJDK 64-Bit Server VM Temurin-21.0.8+9 (21.0.8+9-LTS, mixed mode, sharing, tiered, compressed oops, compressed class ptrs, parallel gc, windows-amd64)
GC Precious Log:
 CardTable entry size: 512
 CPUs: 12 total, 12 available
 Memory: 16095M
 Large Page Support: Disabled
 NUMA Support: Disabled
 Compressed Oops: Enabled (32-bit)
 Alignments: Space 512K, Generation 512K, Heap 2M
 Heap Min Capacity: 100M
 Heap Initial Capacity: 100M
 Heap Max Capacity: 2G
 Pre-touch: Disabled
 Parallel Workers: 10
Heap:
 PSYoungGen      total 17920K, used 4791K [0x00000000d5580000, 0x00000000d6a00000, 0x0000000100000000)
  eden space 16384K, 20% used [0x00000000d5580000,0x00000000d58d5c08,0x00000000d6580000)
  from space 1536K, 89% used [0x00000000d6880000,0x00000000d69d8000,0x00000000d6a00000)
  to   space 1536K, 0% used [0x00000000d6580000,0x00000000d6580000,0x00000000d6700000)
 ParOldGen       total 68608K, used 53014K [0x0000000080000000, 0x0000000084300000, 0x00000000d5580000)
  object space 68608K, 77% used [0x0000000080000000,0x00000000833c5b90,0x0000000084300000)
 Metaspace       used 51055K, committed 52416K, reserved 1114112K
  class space    used 5556K, committed 6144K, reserved 1048576K
GC Heap History (20 events):
Event: 13.246 GC heap before
{Heap before GC invocations=25 (full 2):
 PSYoungGen      total 20992K, used 20960K [0x00000000d5580000, 0x00000000d7000000, 0x0000000100000000)
  eden space 19456K, 100% used [0x00000000d5580000,0x00000000d6880000,0x00000000d6880000)
  from space 1536K, 97% used [0x00000000d6b80000,0x00000000d6cf8030,0x00000000d6d00000)
  to   space 3072K, 0% used [0x00000000d6880000,0x00000000d6880000,0x00000000d6b80000)
 ParOldGen       total 68608K, used 35782K [0x0000000080000000, 0x0000000084300000, 0x00000000d5580000)
  object space 68608K, 52% used [0x0000000080000000,0x00000000822f1930,0x0000000084300000)
 Metaspace       used 48794K, committed 50176K, reserved 1114112K
  class space    used 5326K, committed 5888K, reserved 1048576K
}
Event: 13.252 GC heap after
{Heap after GC invocations=25 (full 2):
 PSYoungGen      total 21504K, used 1856K [0x00000000d5580000, 0x00000000d6d80000, 0x0000000100000000)
  eden space 19456K, 0% used [0x00000000d5580000,0x00000000d5580000,0x00000000d6880000)
  from space 2048K, 90% used [0x00000000d6880000,0x00000000d6a50010,0x00000000d6a80000)
  to   space 2560K, 0% used [0x00000000d6b00000,0x00000000d6b00000,0x00000000d6d80000)
 ParOldGen       total 68608K, used 37247K [0x0000000080000000, 0x0000000084300000, 0x00000000d5580000)
  object space 68608K, 54% used [0x0000000080000000,0x000000008245fc20,0x0000000084300000)
 Metaspace       used 48794K, committed 50176K, reserved 1114112K
  class space    used 5326K, committed 5888K, reserved 1048576K
}
Event: 13.348 GC heap before
{Heap before GC invocations=26 (full 2):
 PSYoungGen      total 21504K, used 21312K [0x00000000d5580000, 0x00000000d6d80000, 0x0000000100000000)
  eden space 19456K, 100% used [0x00000000d5580000,0x00000000d6880000,0x00000000d6880000)
  from space 2048K, 90% used [0x00000000d6880000,0x00000000d6a50010,0x00000000d6a80000)
  to   space 2560K, 0% used [0x00000000d6b00000,0x00000000d6b00000,0x00000000d6d80000)
 ParOldGen       total 68608K, used 37247K [0x0000000080000000, 0x0000000084300000, 0x00000000d5580000)
  object space 68608K, 54% used [0x0000000080000000,0x000000008245fc20,0x0000000084300000)
 Metaspace       used 49158K, committed 50560K, reserved 1114112K
  class space    used 5380K, committed 5952K, reserved 1048576K
}
Event: 13.357 GC heap after
{Heap after GC invocations=26 (full 2):
 PSYoungGen      total 22016K, used 2306K [0x00000000d5580000, 0x00000000d6d80000, 0x0000000100000000)
  eden space 19456K, 0% used [0x00000000d5580000,0x00000000d5580000,0x00000000d6880000)
  from space 2560K, 90% used [0x00000000d6b00000,0x00000000d6d40820,0x00000000d6d80000)
  to   space 2560K, 0% used [0x00000000d6880000,0x00000000d6880000,0x00000000d6b00000)
 ParOldGen       total 68608K, used 38911K [0x0000000080000000, 0x0000000084300000, 0x00000000d5580000)
  object space 68608K, 56% used [0x0000000080000000,0x00000000825ffc20,0x0000000084300000)
 Metaspace       used 49158K, committed 50560K, reserved 1114112K
  class space    used 5380K, committed 5952K, reserved 1048576K
}
Event: 13.394 GC heap before
{Heap before GC invocations=27 (full 2):
 PSYoungGen      total 22016K, used 21762K [0x00000000d5580000, 0x00000000d6d80000, 0x0000000100000000)
  eden space 19456K, 100% used [0x00000000d5580000,0x00000000d6880000,0x00000000d6880000)
  from space 2560K, 90% used [0x00000000d6b00000,0x00000000d6d40820,0x00000000d6d80000)
  to   space 2560K, 0% used [0x00000000d6880000,0x00000000d6880000,0x00000000d6b00000)
 ParOldGen       total 68608K, used 38911K [0x0000000080000000, 0x0000000084300000, 0x00000000d5580000)
  object space 68608K, 56% used [0x0000000080000000,0x00000000825ffc20,0x0000000084300000)
 Metaspace       used 49161K, committed 50560K, reserved 1114112K
  class space    used 5380K, committed 5952K, reserved 1048576K
}
Event: 13.397 GC heap after
{Heap after GC invocations=27 (full 2):
 PSYoungGen      total 21504K, used 1824K [0x00000000d5580000, 0x00000000d6c80000, 0x0000000100000000)
  eden space 19456K, 0% used [0x00000000d5580000,0x00000000d5580000,0x00000000d6880000)
  from space 2048K, 89% used [0x00000000d6880000,0x00000000d6a48000,0x00000000d6a80000)
  to   space 2048K, 0% used [0x00000000d6a80000,0x00000000d6a80000,0x00000000d6c80000)
 ParOldGen       total 68608K, used 41005K [0x0000000080000000, 0x0000000084300000, 0x00000000d5580000)
  object space 68608K, 59% used [0x0000000080000000,0x000000008280b568,0x0000000084300000)
 Metaspace       used 49161K, committed 50560K, reserved 1114112K
  class space    used 5380K, committed 5952K, reserved 1048576K
}
Event: 13.419 GC heap before
{Heap before GC invocations=28 (full 2):
 PSYoungGen      total 21504K, used 21280K [0x00000000d5580000, 0x00000000d6c80000, 0x0000000100000000)
  eden space 19456K, 100% used [0x00000000d5580000,0x00000000d6880000,0x00000000d6880000)
  from space 2048K, 89% used [0x00000000d6880000,0x00000000d6a48000,0x00000000d6a80000)
  to   space 2048K, 0% used [0x00000000d6a80000,0x00000000d6a80000,0x00000000d6c80000)
 ParOldGen       total 68608K, used 41005K [0x0000000080000000, 0x0000000084300000, 0x00000000d5580000)
  object space 68608K, 59% used [0x0000000080000000,0x000000008280b568,0x0000000084300000)
 Metaspace       used 49167K, committed 50560K, reserved 1114112K
  class space    used 5380K, committed 5952K, reserved 1048576K
}
Event: 13.422 GC heap after
{Heap after GC invocations=28 (full 2):
 PSYoungGen      total 21504K, used 1892K [0x00000000d5580000, 0x00000000d6c80000, 0x0000000100000000)
  eden space 19456K, 0% used [0x00000000d5580000,0x00000000d5580000,0x00000000d6880000)
  from space 2048K, 92% used [0x00000000d6a80000,0x00000000d6c59000,0x00000000d6c80000)
  to   space 2048K, 0% used [0x00000000d6880000,0x00000000d6880000,0x00000000d6a80000)
 ParOldGen       total 68608K, used 42797K [0x0000000080000000, 0x0000000084300000, 0x00000000d5580000)
  object space 68608K, 62% used [0x0000000080000000,0x00000000829cb568,0x0000000084300000)
 Metaspace       used 49167K, committed 50560K, reserved 1114112K
  class space    used 5380K, committed 5952K, reserved 1048576K
}
Event: 13.449 GC heap before
{Heap before GC invocations=29 (full 2):
 PSYoungGen      total 21504K, used 21348K [0x00000000d5580000, 0x00000000d6c80000, 0x0000000100000000)
  eden space 19456K, 100% used [0x00000000d5580000,0x00000000d6880000,0x00000000d6880000)
  from space 2048K, 92% used [0x00000000d6a80000,0x00000000d6c59000,0x00000000d6c80000)
  to   space 2048K, 0% used [0x00000000d6880000,0x00000000d6880000,0x00000000d6a80000)
 ParOldGen       total 68608K, used 42797K [0x0000000080000000, 0x0000000084300000, 0x00000000d5580000)
  object space 68608K, 62% used [0x0000000080000000,0x00000000829cb568,0x0000000084300000)
 Metaspace       used 49172K, committed 50560K, reserved 1114112K
  class space    used 5381K, committed 5952K, reserved 1048576K
}
Event: 13.452 GC heap after
{Heap after GC invocations=29 (full 2):
 PSYoungGen      total 21504K, used 1984K [0x00000000d5580000, 0x00000000d6c80000, 0x0000000100000000)
  eden space 19456K, 0% used [0x00000000d5580000,0x00000000d5580000,0x00000000d6880000)
  from space 2048K, 96% used [0x00000000d6880000,0x00000000d6a70010,0x00000000d6a80000)
  to   space 2048K, 0% used [0x00000000d6a80000,0x00000000d6a80000,0x00000000d6c80000)
 ParOldGen       total 68608K, used 44530K [0x0000000080000000, 0x0000000084300000, 0x00000000d5580000)
  object space 68608K, 64% used [0x0000000080000000,0x0000000082b7cb90,0x0000000084300000)
 Metaspace       used 49172K, committed 50560K, reserved 1114112K
  class space    used 5381K, committed 5952K, reserved 1048576K
}
Event: 14.753 GC heap before
{Heap before GC invocations=30 (full 2):
 PSYoungGen      total 21504K, used 21440K [0x00000000d5580000, 0x00000000d6c80000, 0x0000000100000000)
  eden space 19456K, 100% used [0x00000000d5580000,0x00000000d6880000,0x00000000d6880000)
  from space 2048K, 96% used [0x00000000d6880000,0x00000000d6a70010,0x00000000d6a80000)
  to   space 2048K, 0% used [0x00000000d6a80000,0x00000000d6a80000,0x00000000d6c80000)
 ParOldGen       total 68608K, used 44530K [0x0000000080000000, 0x0000000084300000, 0x00000000d5580000)
  object space 68608K, 64% used [0x0000000080000000,0x0000000082b7cb90,0x0000000084300000)
 Metaspace       used 49218K, committed 50560K, reserved 1114112K
  class space    used 5383K, committed 5952K, reserved 1048576K
}
Event: 14.758 GC heap after
{Heap after GC invocations=30 (full 2):
 PSYoungGen      total 21504K, used 1720K [0x00000000d5580000, 0x00000000d6c80000, 0x0000000100000000)
  eden space 19456K, 0% used [0x00000000d5580000,0x00000000d5580000,0x00000000d6880000)
  from space 2048K, 84% used [0x00000000d6a80000,0x00000000d6c2e200,0x00000000d6c80000)
  to   space 2048K, 0% used [0x00000000d6880000,0x00000000d6880000,0x00000000d6a80000)
 ParOldGen       total 68608K, used 46434K [0x0000000080000000, 0x0000000084300000, 0x00000000d5580000)
  object space 68608K, 67% used [0x0000000080000000,0x0000000082d58ba0,0x0000000084300000)
 Metaspace       used 49218K, committed 50560K, reserved 1114112K
  class space    used 5383K, committed 5952K, reserved 1048576K
}
Event: 16.242 GC heap before
{Heap before GC invocations=31 (full 2):
 PSYoungGen      total 21504K, used 21176K [0x00000000d5580000, 0x00000000d6c80000, 0x0000000100000000)
  eden space 19456K, 100% used [0x00000000d5580000,0x00000000d6880000,0x00000000d6880000)
  from space 2048K, 84% used [0x00000000d6a80000,0x00000000d6c2e200,0x00000000d6c80000)
  to   space 2048K, 0% used [0x00000000d6880000,0x00000000d6880000,0x00000000d6a80000)
 ParOldGen       total 68608K, used 46434K [0x0000000080000000, 0x0000000084300000, 0x00000000d5580000)
  object space 68608K, 67% used [0x0000000080000000,0x0000000082d58ba0,0x0000000084300000)
 Metaspace       used 50004K, committed 51392K, reserved 1114112K
  class space    used 5468K, committed 6016K, reserved 1048576K
}
Event: 16.245 GC heap after
{Heap after GC invocations=31 (full 2):
 PSYoungGen      total 21504K, used 1984K [0x00000000d5580000, 0x00000000d6c80000, 0x0000000100000000)
  eden space 19456K, 0% used [0x00000000d5580000,0x00000000d5580000,0x00000000d6880000)
  from space 2048K, 96% used [0x00000000d6880000,0x00000000d6a70000,0x00000000d6a80000)
  to   space 2048K, 0% used [0x00000000d6a80000,0x00000000d6a80000,0x00000000d6c80000)
 ParOldGen       total 68608K, used 48067K [0x0000000080000000, 0x0000000084300000, 0x00000000d5580000)
  object space 68608K, 70% used [0x0000000080000000,0x0000000082ef0da0,0x0000000084300000)
 Metaspace       used 50004K, committed 51392K, reserved 1114112K
  class space    used 5468K, committed 6016K, reserved 1048576K
}
Event: 16.697 GC heap before
{Heap before GC invocations=32 (full 2):
 PSYoungGen      total 21504K, used 21440K [0x00000000d5580000, 0x00000000d6c80000, 0x0000000100000000)
  eden space 19456K, 100% used [0x00000000d5580000,0x00000000d6880000,0x00000000d6880000)
  from space 2048K, 96% used [0x00000000d6880000,0x00000000d6a70000,0x00000000d6a80000)
  to   space 2048K, 0% used [0x00000000d6a80000,0x00000000d6a80000,0x00000000d6c80000)
 ParOldGen       total 68608K, used 48067K [0x0000000080000000, 0x0000000084300000, 0x00000000d5580000)
  object space 68608K, 70% used [0x0000000080000000,0x0000000082ef0da0,0x0000000084300000)
 Metaspace       used 50542K, committed 51904K, reserved 1114112K
  class space    used 5507K, committed 6080K, reserved 1048576K
}
Event: 16.700 GC heap after
{Heap after GC invocations=32 (full 2):
 PSYoungGen      total 18432K, used 2048K [0x00000000d5580000, 0x00000000d7280000, 0x0000000100000000)
  eden space 16384K, 0% used [0x00000000d5580000,0x00000000d5580000,0x00000000d6580000)
  from space 2048K, 100% used [0x00000000d6a80000,0x00000000d6c80000,0x00000000d6c80000)
  to   space 5120K, 0% used [0x00000000d6580000,0x00000000d6580000,0x00000000d6a80000)
 ParOldGen       total 68608K, used 50288K [0x0000000080000000, 0x0000000084300000, 0x00000000d5580000)
  object space 68608K, 73% used [0x0000000080000000,0x000000008311c138,0x0000000084300000)
 Metaspace       used 50542K, committed 51904K, reserved 1114112K
  class space    used 5507K, committed 6080K, reserved 1048576K
}
Event: 16.931 GC heap before
{Heap before GC invocations=33 (full 2):
 PSYoungGen      total 18432K, used 18432K [0x00000000d5580000, 0x00000000d7280000, 0x0000000100000000)
  eden space 16384K, 100% used [0x00000000d5580000,0x00000000d6580000,0x00000000d6580000)
  from space 2048K, 100% used [0x00000000d6a80000,0x00000000d6c80000,0x00000000d6c80000)
  to   space 5120K, 0% used [0x00000000d6580000,0x00000000d6580000,0x00000000d6a80000)
 ParOldGen       total 68608K, used 50288K [0x0000000080000000, 0x0000000084300000, 0x00000000d5580000)
  object space 68608K, 73% used [0x0000000080000000,0x000000008311c138,0x0000000084300000)
 Metaspace       used 50715K, committed 52096K, reserved 1114112K
  class space    used 5507K, committed 6080K, reserved 1048576K
}
Event: 16.933 GC heap after
{Heap after GC invocations=33 (full 2):
 PSYoungGen      total 17920K, used 1184K [0x00000000d5580000, 0x00000000d6b00000, 0x0000000100000000)
  eden space 16384K, 0% used [0x00000000d5580000,0x00000000d5580000,0x00000000d6580000)
  from space 1536K, 77% used [0x00000000d6580000,0x00000000d66a8020,0x00000000d6700000)
  to   space 2560K, 0% used [0x00000000d6880000,0x00000000d6880000,0x00000000d6b00000)
 ParOldGen       total 68608K, used 52056K [0x0000000080000000, 0x0000000084300000, 0x00000000d5580000)
  object space 68608K, 75% used [0x0000000080000000,0x00000000832d63c0,0x0000000084300000)
 Metaspace       used 50715K, committed 52096K, reserved 1114112K
  class space    used 5507K, committed 6080K, reserved 1048576K
}
Event: 18.127 GC heap before
{Heap before GC invocations=34 (full 2):
 PSYoungGen      total 17920K, used 17568K [0x00000000d5580000, 0x00000000d6b00000, 0x0000000100000000)
  eden space 16384K, 100% used [0x00000000d5580000,0x00000000d6580000,0x00000000d6580000)
  from space 1536K, 77% used [0x00000000d6580000,0x00000000d66a8020,0x00000000d6700000)
  to   space 2560K, 0% used [0x00000000d6880000,0x00000000d6880000,0x00000000d6b00000)
 ParOldGen       total 68608K, used 52056K [0x0000000080000000, 0x0000000084300000, 0x00000000d5580000)
  object space 68608K, 75% used [0x0000000080000000,0x00000000832d63c0,0x0000000084300000)
 Metaspace       used 50894K, committed 52224K, reserved 1114112K
  class space    used 5522K, committed 6080K, reserved 1048576K
}
Event: 18.132 GC heap after
{Heap after GC invocations=34 (full 2):
 PSYoungGen      total 17920K, used 1376K [0x00000000d5580000, 0x00000000d6a00000, 0x0000000100000000)
  eden space 16384K, 0% used [0x00000000d5580000,0x00000000d5580000,0x00000000d6580000)
  from space 1536K, 89% used [0x00000000d6880000,0x00000000d69d8000,0x00000000d6a00000)
  to   space 1536K, 0% used [0x00000000d6580000,0x00000000d6580000,0x00000000d6700000)
 ParOldGen       total 68608K, used 53014K [0x0000000080000000, 0x0000000084300000, 0x00000000d5580000)
  object space 68608K, 77% used [0x0000000080000000,0x00000000833c5b90,0x0000000084300000)
 Metaspace       used 50894K, committed 52224K, reserved 1114112K
  class space    used 5522K, committed 6080K, reserved 1048576K
}

