# JRE version: OpenJDK Runtime Environment Temurin-22.0.2+9 (22.0.2+9) (build 22.0.2+9)
# Java VM: OpenJDK 64-Bit Server VM Temurin-22.0.2+9 (22.0.2+9, mixed mode, emulated-client, tiered, compressed oops, compressed class ptrs, g1 gc, windows-amd64)
GC Precious Log:
 CardTable entry size: 512
 Card Set container configuration: InlinePtr #cards 5 size 8 Array Of Cards #cards 12 size 40 Howl #buckets 4 coarsen threshold 1843 Howl Bitmap #cards 512 size 80 coarsen threshold 460 Card regions per heap region 1 cards per card region 2048
 CPUs: 12 total, 12 available
 Memory: 16095M
 Large Page Support: Disabled
 NUMA Support: Disabled
 Compressed Oops: Enabled (32-bit)
 Heap Region Size: 1M
 Heap Min Capacity: 8M
 Heap Initial Capacity: 252M
 Heap Max Capacity: 1G
 Pre-touch: Disabled
 Parallel Workers: 10
 Concurrent Workers: 3
 Concurrent Refinement Workers: 10
 Periodic GC: Disabled
Heap:
 garbage-first heap   total reserved 1048576K, committed 119808K, used 35803K [0x00000000c0000000, 0x0000000100000000)
  region size 1024K, 1 young (1024K), 0 survivors (0K)
 Metaspace       used 64351K, committed 65216K, reserved 1114112K
  class space    used 7779K, committed 8128K, reserved 1048576K
GC Heap History (20 events):
Event: 481.212 GC heap after
{Heap after GC invocations=47 (full 35):
 garbage-first heap   total reserved 1048576K, committed 119808K, used 34999K [0x00000000c0000000, 0x0000000100000000)
  region size 1024K, 0 young (0K), 0 survivors (0K)
 Metaspace       used 64092K, committed 65216K, reserved 1114112K
  class space    used 7724K, committed 8128K, reserved 1048576K
}
Event: 515.471 GC heap before
{Heap before GC invocations=47 (full 35):
 garbage-first heap   total reserved 1048576K, committed 119808K, used 91319K [0x00000000c0000000, 0x0000000100000000)
  region size 1024K, 57 young (58368K), 0 survivors (0K)
 Metaspace       used 64414K, committed 65216K, reserved 1114112K
  class space    used 7801K, committed 8128K, reserved 1048576K
}
Event: 515.473 GC heap after
{Heap after GC invocations=48 (full 35):
 garbage-first heap   total reserved 1048576K, committed 119808K, used 39766K [0x00000000c0000000, 0x0000000100000000)
  region size 1024K, 5 young (5120K), 5 survivors (5120K)
 Metaspace       used 64414K, committed 65216K, reserved 1114112K
  class space    used 7801K, committed 8128K, reserved 1048576K
}
Event: 548.944 GC heap before
{Heap before GC invocations=49 (full 35):
 garbage-first heap   total reserved 1048576K, committed 119808K, used 98134K [0x00000000c0000000, 0x0000000100000000)
  region size 1024K, 62 young (63488K), 5 survivors (5120K)
 Metaspace       used 64426K, committed 65216K, reserved 1114112K
  class space    used 7804K, committed 8128K, reserved 1048576K
}
Event: 548.947 GC heap after
{Heap after GC invocations=50 (full 35):
 garbage-first heap   total reserved 1048576K, committed 119808K, used 39428K [0x00000000c0000000, 0x0000000100000000)
  region size 1024K, 3 young (3072K), 3 survivors (3072K)
 Metaspace       used 64426K, committed 65216K, reserved 1114112K
  class space    used 7804K, committed 8128K, reserved 1048576K
}
Event: 601.523 GC heap before
{Heap before GC invocations=50 (full 35):
 garbage-first heap   total reserved 1048576K, committed 119808K, used 59908K [0x00000000c0000000, 0x0000000100000000)
  region size 1024K, 24 young (24576K), 3 survivors (3072K)
 Metaspace       used 64454K, committed 65216K, reserved 1114112K
  class space    used 7807K, committed 8128K, reserved 1048576K
}
Event: 601.569 GC heap after
{Heap after GC invocations=51 (full 36):
 garbage-first heap   total reserved 1048576K, committed 119808K, used 37718K [0x00000000c0000000, 0x0000000100000000)
  region size 1024K, 0 young (0K), 0 survivors (0K)
 Metaspace       used 64454K, committed 65216K, reserved 1114112K
  class space    used 7807K, committed 8128K, reserved 1048576K
}
Event: 611.769 GC heap before
{Heap before GC invocations=51 (full 36):
 garbage-first heap   total reserved 1048576K, committed 119808K, used 37718K [0x00000000c0000000, 0x0000000100000000)
  region size 1024K, 1 young (1024K), 0 survivors (0K)
 Metaspace       used 64454K, committed 65216K, reserved 1114112K
  class space    used 7807K, committed 8128K, reserved 1048576K
}
Event: 611.808 GC heap after
{Heap after GC invocations=52 (full 37):
 garbage-first heap   total reserved 1048576K, committed 119808K, used 36165K [0x00000000c0000000, 0x0000000100000000)
  region size 1024K, 0 young (0K), 0 survivors (0K)
 Metaspace       used 64389K, committed 65216K, reserved 1114112K
  class space    used 7789K, committed 8128K, reserved 1048576K
}
Event: 622.017 GC heap before
{Heap before GC invocations=52 (full 37):
 garbage-first heap   total reserved 1048576K, committed 119808K, used 36165K [0x00000000c0000000, 0x0000000100000000)
  region size 1024K, 1 young (1024K), 0 survivors (0K)
 Metaspace       used 64389K, committed 65216K, reserved 1114112K
  class space    used 7789K, committed 8128K, reserved 1048576K
}
Event: 622.050 GC heap after
{Heap after GC invocations=53 (full 38):
 garbage-first heap   total reserved 1048576K, committed 119808K, used 36165K [0x00000000c0000000, 0x0000000100000000)
  region size 1024K, 0 young (0K), 0 survivors (0K)
 Metaspace       used 64389K, committed 65216K, reserved 1114112K
  class space    used 7789K, committed 8128K, reserved 1048576K
}
Event: 632.277 GC heap before
{Heap before GC invocations=53 (full 38):
 garbage-first heap   total reserved 1048576K, committed 119808K, used 36165K [0x00000000c0000000, 0x0000000100000000)
  region size 1024K, 1 young (1024K), 0 survivors (0K)
 Metaspace       used 64389K, committed 65216K, reserved 1114112K
  class space    used 7789K, committed 8128K, reserved 1048576K
}
Event: 632.325 GC heap after
{Heap after GC invocations=54 (full 39):
 garbage-first heap   total reserved 1048576K, committed 119808K, used 36165K [0x00000000c0000000, 0x0000000100000000)
  region size 1024K, 0 young (0K), 0 survivors (0K)
 Metaspace       used 64389K, committed 65216K, reserved 1114112K
  class space    used 7789K, committed 8128K, reserved 1048576K
}
Event: 642.617 GC heap before
{Heap before GC invocations=54 (full 39):
 garbage-first heap   total reserved 1048576K, committed 119808K, used 36165K [0x00000000c0000000, 0x0000000100000000)
  region size 1024K, 1 young (1024K), 0 survivors (0K)
 Metaspace       used 64389K, committed 65216K, reserved 1114112K
  class space    used 7789K, committed 8128K, reserved 1048576K
}
Event: 642.673 GC heap after
{Heap after GC invocations=55 (full 40):
 garbage-first heap   total reserved 1048576K, committed 119808K, used 35803K [0x00000000c0000000, 0x0000000100000000)
  region size 1024K, 0 young (0K), 0 survivors (0K)
 Metaspace       used 64351K, committed 65216K, reserved 1114112K
  class space    used 7779K, committed 8128K, reserved 1048576K
}
Event: 652.876 GC heap before
{Heap before GC invocations=55 (full 40):
 garbage-first heap   total reserved 1048576K, committed 119808K, used 35803K [0x00000000c0000000, 0x0000000100000000)
  region size 1024K, 1 young (1024K), 0 survivors (0K)
 Metaspace       used 64351K, committed 65216K, reserved 1114112K
  class space    used 7779K, committed 8128K, reserved 1048576K
}
Event: 652.921 GC heap after
{Heap after GC invocations=56 (full 41):
 garbage-first heap   total reserved 1048576K, committed 119808K, used 35803K [0x00000000c0000000, 0x0000000100000000)
  region size 1024K, 0 young (0K), 0 survivors (0K)
 Metaspace       used 64351K, committed 65216K, reserved 1114112K
  class space    used 7779K, committed 8128K, reserved 1048576K
}
Event: 663.185 GC heap before
{Heap before GC invocations=56 (full 41):
 garbage-first heap   total reserved 1048576K, committed 119808K, used 35803K [0x00000000c0000000, 0x0000000100000000)
  region size 1024K, 1 young (1024K), 0 survivors (0K)
 Metaspace       used 64351K, committed 65216K, reserved 1114112K
  class space    used 7779K, committed 8128K, reserved 1048576K
}
Event: 663.263 GC heap after
{Heap after GC invocations=57 (full 42):
 garbage-first heap   total reserved 1048576K, committed 119808K, used 35803K [0x00000000c0000000, 0x0000000100000000)
  region size 1024K, 0 young (0K), 0 survivors (0K)
 Metaspace       used 64351K, committed 65216K, reserved 1114112K
  class space    used 7779K, committed 8128K, reserved 1048576K
}
Event: 673.485 GC heap before
{Heap before GC invocations=57 (full 42):
 garbage-first heap   total reserved 1048576K, committed 119808K, used 35803K [0x00000000c0000000, 0x0000000100000000)
  region size 1024K, 1 young (1024K), 0 survivors (0K)
 Metaspace       used 64351K, committed 65216K, reserved 1114112K
  class space    used 7779K, committed 8128K, reserved 1048576K
}

