# JRE version: OpenJDK Runtime Environment Temurin-22.0.2+9 (22.0.2+9) (build 22.0.2+9)
# Java VM: OpenJDK 64-Bit Server VM Temurin-22.0.2+9 (22.0.2+9, mixed mode, emulated-client, tiered, compressed oops, compressed class ptrs, g1 gc, windows-amd64)
GC Precious Log:
 CardTable entry size: 512
 Card Set container configuration: InlinePtr #cards 5 size 8 Array Of Cards #cards 12 size 40 Howl #buckets 4 coarsen threshold 1843 Howl Bitmap #cards 512 size 80 coarsen threshold 460 Card regions per heap region 1 cards per card region 2048
 CPUs: 12 total, 12 available
 Memory: 16095M
 Large Page Support: Disabled
 NUMA Support: Disabled
 Compressed Oops: Enabled (32-bit)
 Heap Region Size: 1M
 Heap Min Capacity: 8M
 Heap Initial Capacity: 252M
 Heap Max Capacity: 1G
 Pre-touch: Disabled
 Parallel Workers: 10
 Concurrent Workers: 3
 Concurrent Refinement Workers: 10
 Periodic GC: Disabled
Heap:
 garbage-first heap   total reserved 1048576K, committed 130048K, used 38339K [0x00000000c0000000, 0x0000000100000000)
  region size 1024K, 1 young (1024K), 0 survivors (0K)
 Metaspace       used 66182K, committed 67008K, reserved 1114112K
  class space    used 8064K, committed 8448K, reserved 1048576K
GC Heap History (20 events):
Event: 1183.502 GC heap after
{Heap after GC invocations=80 (full 61):
 garbage-first heap   total reserved 1048576K, committed 130048K, used 38339K [0x00000000c0000000, 0x0000000100000000)
  region size 1024K, 0 young (0K), 0 survivors (0K)
 Metaspace       used 66182K, committed 67008K, reserved 1114112K
  class space    used 8064K, committed 8448K, reserved 1048576K
}
Event: 1193.695 GC heap before
{Heap before GC invocations=80 (full 61):
 garbage-first heap   total reserved 1048576K, committed 130048K, used 38339K [0x00000000c0000000, 0x0000000100000000)
  region size 1024K, 1 young (1024K), 0 survivors (0K)
 Metaspace       used 66182K, committed 67008K, reserved 1114112K
  class space    used 8064K, committed 8448K, reserved 1048576K
}
Event: 1193.735 GC heap after
{Heap after GC invocations=81 (full 62):
 garbage-first heap   total reserved 1048576K, committed 130048K, used 38339K [0x00000000c0000000, 0x0000000100000000)
  region size 1024K, 0 young (0K), 0 survivors (0K)
 Metaspace       used 66182K, committed 67008K, reserved 1114112K
  class space    used 8064K, committed 8448K, reserved 1048576K
}
Event: 1204.020 GC heap before
{Heap before GC invocations=81 (full 62):
 garbage-first heap   total reserved 1048576K, committed 130048K, used 38339K [0x00000000c0000000, 0x0000000100000000)
  region size 1024K, 1 young (1024K), 0 survivors (0K)
 Metaspace       used 66182K, committed 67008K, reserved 1114112K
  class space    used 8064K, committed 8448K, reserved 1048576K
}
Event: 1204.054 GC heap after
{Heap after GC invocations=82 (full 63):
 garbage-first heap   total reserved 1048576K, committed 130048K, used 38339K [0x00000000c0000000, 0x0000000100000000)
  region size 1024K, 0 young (0K), 0 survivors (0K)
 Metaspace       used 66182K, committed 67008K, reserved 1114112K
  class space    used 8064K, committed 8448K, reserved 1048576K
}
Event: 1214.253 GC heap before
{Heap before GC invocations=82 (full 63):
 garbage-first heap   total reserved 1048576K, committed 130048K, used 38339K [0x00000000c0000000, 0x0000000100000000)
  region size 1024K, 1 young (1024K), 0 survivors (0K)
 Metaspace       used 66182K, committed 67008K, reserved 1114112K
  class space    used 8064K, committed 8448K, reserved 1048576K
}
Event: 1214.286 GC heap after
{Heap after GC invocations=83 (full 64):
 garbage-first heap   total reserved 1048576K, committed 130048K, used 38339K [0x00000000c0000000, 0x0000000100000000)
  region size 1024K, 0 young (0K), 0 survivors (0K)
 Metaspace       used 66182K, committed 67008K, reserved 1114112K
  class space    used 8064K, committed 8448K, reserved 1048576K
}
Event: 1224.528 GC heap before
{Heap before GC invocations=83 (full 64):
 garbage-first heap   total reserved 1048576K, committed 130048K, used 38339K [0x00000000c0000000, 0x0000000100000000)
  region size 1024K, 1 young (1024K), 0 survivors (0K)
 Metaspace       used 66182K, committed 67008K, reserved 1114112K
  class space    used 8064K, committed 8448K, reserved 1048576K
}
Event: 1224.572 GC heap after
{Heap after GC invocations=84 (full 65):
 garbage-first heap   total reserved 1048576K, committed 130048K, used 38339K [0x00000000c0000000, 0x0000000100000000)
  region size 1024K, 0 young (0K), 0 survivors (0K)
 Metaspace       used 66182K, committed 67008K, reserved 1114112K
  class space    used 8064K, committed 8448K, reserved 1048576K
}
Event: 1234.887 GC heap before
{Heap before GC invocations=84 (full 65):
 garbage-first heap   total reserved 1048576K, committed 130048K, used 38339K [0x00000000c0000000, 0x0000000100000000)
  region size 1024K, 1 young (1024K), 0 survivors (0K)
 Metaspace       used 66182K, committed 67008K, reserved 1114112K
  class space    used 8064K, committed 8448K, reserved 1048576K
}
Event: 1234.951 GC heap after
{Heap after GC invocations=85 (full 66):
 garbage-first heap   total reserved 1048576K, committed 130048K, used 38339K [0x00000000c0000000, 0x0000000100000000)
  region size 1024K, 0 young (0K), 0 survivors (0K)
 Metaspace       used 66182K, committed 67008K, reserved 1114112K
  class space    used 8064K, committed 8448K, reserved 1048576K
}
Event: 1245.219 GC heap before
{Heap before GC invocations=85 (full 66):
 garbage-first heap   total reserved 1048576K, committed 130048K, used 38339K [0x00000000c0000000, 0x0000000100000000)
  region size 1024K, 1 young (1024K), 0 survivors (0K)
 Metaspace       used 66182K, committed 67008K, reserved 1114112K
  class space    used 8064K, committed 8448K, reserved 1048576K
}
Event: 1245.272 GC heap after
{Heap after GC invocations=86 (full 67):
 garbage-first heap   total reserved 1048576K, committed 130048K, used 38339K [0x00000000c0000000, 0x0000000100000000)
  region size 1024K, 0 young (0K), 0 survivors (0K)
 Metaspace       used 66182K, committed 67008K, reserved 1114112K
  class space    used 8064K, committed 8448K, reserved 1048576K
}
Event: 1255.492 GC heap before
{Heap before GC invocations=86 (full 67):
 garbage-first heap   total reserved 1048576K, committed 130048K, used 38339K [0x00000000c0000000, 0x0000000100000000)
  region size 1024K, 1 young (1024K), 0 survivors (0K)
 Metaspace       used 66182K, committed 67008K, reserved 1114112K
  class space    used 8064K, committed 8448K, reserved 1048576K
}
Event: 1255.536 GC heap after
{Heap after GC invocations=87 (full 68):
 garbage-first heap   total reserved 1048576K, committed 130048K, used 38339K [0x00000000c0000000, 0x0000000100000000)
  region size 1024K, 0 young (0K), 0 survivors (0K)
 Metaspace       used 66182K, committed 67008K, reserved 1114112K
  class space    used 8064K, committed 8448K, reserved 1048576K
}
Event: 1266.985 GC heap before
{Heap before GC invocations=87 (full 68):
 garbage-first heap   total reserved 1048576K, committed 130048K, used 38339K [0x00000000c0000000, 0x0000000100000000)
  region size 1024K, 1 young (1024K), 0 survivors (0K)
 Metaspace       used 66182K, committed 67008K, reserved 1114112K
  class space    used 8064K, committed 8448K, reserved 1048576K
}
Event: 1267.028 GC heap after
{Heap after GC invocations=88 (full 69):
 garbage-first heap   total reserved 1048576K, committed 130048K, used 38339K [0x00000000c0000000, 0x0000000100000000)
  region size 1024K, 0 young (0K), 0 survivors (0K)
 Metaspace       used 66182K, committed 67008K, reserved 1114112K
  class space    used 8064K, committed 8448K, reserved 1048576K
}
Event: 1277.364 GC heap before
{Heap before GC invocations=88 (full 69):
 garbage-first heap   total reserved 1048576K, committed 130048K, used 38339K [0x00000000c0000000, 0x0000000100000000)
  region size 1024K, 1 young (1024K), 0 survivors (0K)
 Metaspace       used 66182K, committed 67008K, reserved 1114112K
  class space    used 8064K, committed 8448K, reserved 1048576K
}
Event: 1277.467 GC heap after
{Heap after GC invocations=89 (full 70):
 garbage-first heap   total reserved 1048576K, committed 130048K, used 38339K [0x00000000c0000000, 0x0000000100000000)
  region size 1024K, 0 young (0K), 0 survivors (0K)
 Metaspace       used 66182K, committed 67008K, reserved 1114112K
  class space    used 8064K, committed 8448K, reserved 1048576K
}
Event: 1292.822 GC heap before
{Heap before GC invocations=89 (full 70):
 garbage-first heap   total reserved 1048576K, committed 130048K, used 38339K [0x00000000c0000000, 0x0000000100000000)
  region size 1024K, 1 young (1024K), 0 survivors (0K)
 Metaspace       used 66182K, committed 67008K, reserved 1114112K
  class space    used 8064K, committed 8448K, reserved 1048576K
}

